<?xml version="1.0" encoding="UTF-8"?>
<!-- Generated by org.testng.reporters.JUnitReportReporter -->
<testsuite hostname="DESKTOP-KIASOK0" failures="0" tests="5" name="temp.ai.dubdub.tc.TC_Login" time="18.992" errors="0" timestamp="2022-10-16T01:16:49 IST" skipped="0">
  <testcase classname="temp.ai.dubdub.tc.TC_Login" name="tc_01_login" time="3.484"/>
  <system-out>
    <![CDATA[ tc_email_empty_login Start | 
 EmailId set :  | 
  Password set : 123456 | 
 Submit utton clicked | 
 Login Perform Done | 
 tc_email_empty_login End | ]]>
  </system-out>
  <testcase classname="temp.ai.dubdub.tc.TC_Login" name="tc_01_login" time="3.715"/>
  <system-out>
    <![CDATA[ tc_both_correct_login Start | 
 EmailId set : test@gmail.com | 
  Password set : 123456 | 
 Submit utton clicked | 
 Login Perform Done | 
 tc_both_correct_login End | ]]>
  </system-out>
  <testcase classname="temp.ai.dubdub.tc.TC_Login" name="tc_01_login" time="3.685"/>
  <system-out>
    <![CDATA[ tc_both_wrong_login Start | 
 EmailId set : wrong@gmail.com | 
  Password set : xyz123 | 
 Submit utton clicked | 
 Login Perform Done | 
 tc_both_wrong_login End | ]]>
  </system-out>
  <testcase classname="temp.ai.dubdub.tc.TC_Login" name="tc_01_login" time="4.571"/>
  <system-out>
    <![CDATA[ tc_both_empty_login Start | 
 EmailId set :  | 
  Password set :  | 
 Submit utton clicked | 
 Login Perform Done | 
 tc_both_empty_login End | ]]>
  </system-out>
  <testcase classname="temp.ai.dubdub.tc.TC_Login" name="tc_01_login" time="3.537"/>
  <system-out>
    <![CDATA[ tc_pass_empty_login Start | 
 EmailId set : test@gmail.com | 
  Password set :  | 
 Submit utton clicked | 
 Login Perform Done | 
 tc_pass_empty_login End | ]]>
  </system-out>
</testsuite> <!-- temp.ai.dubdub.tc.TC_Login -->
