<?xml version="1.0" encoding="UTF-8"?>
<!-- Generated by org.testng.reporters.JUnitReportReporter -->
<testsuite hostname="LAPTOP-P5Q4VCDR" failures="0" tests="7" name="temp.ai.dubdub.tc.TC_Login" time="22.811" errors="0" timestamp="2022-10-16T23:57:40 IST" skipped="0">
  <testcase classname="temp.ai.dubdub.tc.TC_Login" name="tc_01_login" time="3.284"/>
  <system-out>
    <![CDATA[ tc_both_correct_login Start | 
 EmailId set : valid@xyz.com | 
  Password set : xyz@123 | 
 Submit utton clicked | 
 Login Perform Done | 
 tc_both_correct_login End | ]]>
  </system-out>
  <testcase classname="temp.ai.dubdub.tc.TC_Login" name="tc_01_login" time="3.247"/>
  <system-out>
    <![CDATA[ tc_both_wrong_login Start | 
 EmailId set : invalid@xyz.com | 
  Password set : 123456 | 
 Submit utton clicked | 
 Login Perform Done | 
 tc_both_wrong_login End | ]]>
  </system-out>
  <testcase classname="temp.ai.dubdub.tc.TC_Login" name="tc_01_login" time="3.253"/>
  <system-out>
    <![CDATA[ tc_pass_empty_login Start | 
 EmailId set : test@gmail.com | 
  Password set :  | 
 Submit utton clicked | 
 Login Perform Done | 
 tc_pass_empty_login End | ]]>
  </system-out>
  <testcase classname="temp.ai.dubdub.tc.TC_Login" name="tc_01_login" time="3.240"/>
  <system-out>
    <![CDATA[ tc_email_invalid_login Start | 
 EmailId set : invalid@xyz.com | 
  Password set : xyz@123 | 
 Submit utton clicked | 
 Login Perform Done | 
 tc_email_invalid_login End | ]]>
  </system-out>
  <testcase classname="temp.ai.dubdub.tc.TC_Login" name="tc_01_login" time="3.226"/>
  <system-out>
    <![CDATA[ tc_email_empty_login Start | 
 EmailId set :  | 
  Password set : xyz@123 | 
 Submit utton clicked | 
 Login Perform Done | 
 tc_email_empty_login End | ]]>
  </system-out>
  <testcase classname="temp.ai.dubdub.tc.TC_Login" name="tc_01_login" time="3.228"/>
  <system-out>
    <![CDATA[ tc_pass_invalid_login Start | 
 EmailId set : valid@xyz.com | 
  Password set : 123456 | 
 Submit utton clicked | 
 Login Perform Done | 
 tc_pass_invalid_login End | ]]>
  </system-out>
  <testcase classname="temp.ai.dubdub.tc.TC_Login" name="tc_01_login" time="3.333"/>
  <system-out>
    <![CDATA[ tc_both_empty_login Start | 
 EmailId set :  | 
  Password set :  | 
 Submit utton clicked | 
 Login Perform Done | 
 tc_both_empty_login End | ]]>
  </system-out>
</testsuite> <!-- temp.ai.dubdub.tc.TC_Login -->
