<?xml version="1.0" encoding="UTF-8"?>
<!-- Generated by org.testng.reporters.JUnitReportReporter -->
<testsuite hostname="DESKTOP-KIASOK0" failures="0" tests="5" name="temp.ai.dubdub.tc.TC_Login" time="18.278" errors="0" timestamp="2022-10-16T17:54:01 IST" skipped="0">
  <testcase classname="temp.ai.dubdub.tc.TC_Login" name="tc_01_login" time="3.703"/>
  <system-out>
    <![CDATA[ tc_both_correct_login Start | 
 EmailId set : test@gmail.com | 
  Password set : 123456 | 
 Submit utton clicked | 
 Login Perform Done | 
 tc_both_correct_login End | ]]>
  </system-out>
  <testcase classname="temp.ai.dubdub.tc.TC_Login" name="tc_01_login" time="3.462"/>
  <system-out>
    <![CDATA[ tc_email_empty_login Start | 
 EmailId set :  | 
  Password set : 123456 | 
 Submit utton clicked | 
 Login Perform Done | 
 tc_email_empty_login End | ]]>
  </system-out>
  <testcase classname="temp.ai.dubdub.tc.TC_Login" name="tc_01_login" time="3.583"/>
  <system-out>
    <![CDATA[ tc_both_wrong_login Start | 
 EmailId set : wrong@gmail.com | 
  Password set : xyz123 | 
 Submit utton clicked | 
 Login Perform Done | 
 tc_both_wrong_login End | ]]>
  </system-out>
  <testcase classname="temp.ai.dubdub.tc.TC_Login" name="tc_01_login" time="3.553"/>
  <system-out>
    <![CDATA[ tc_pass_empty_login Start | 
 EmailId set : test@gmail.com | 
  Password set :  | 
 Submit utton clicked | 
 Login Perform Done | 
 tc_pass_empty_login End | ]]>
  </system-out>
  <testcase classname="temp.ai.dubdub.tc.TC_Login" name="tc_01_login" time="3.977"/>
  <system-out>
    <![CDATA[ tc_both_empty_login Start | 
 EmailId set :  | 
  Password set :  | 
 Submit utton clicked | 
 Login Perform Done | 
 tc_both_empty_login End | ]]>
  </system-out>
</testsuite> <!-- temp.ai.dubdub.tc.TC_Login -->
